Compiling the CXX compiler identification source file "CMakeCXXCompilerId.cpp" failed.
Compiler: /usr/bin/c++.exe 
Build flags: 
Id flags:  

The output was:
1
c++: fatal error: -fuse-linker-plugin, but cyglto_plugin.dll not found
compilation terminated.


Determining if the CXX compiler works failed with the following output:
Change Dir: /cygdrive/c/Users/Russ/Projects/network-middleware/network_middleware/cmake-build-debug/CMakeFiles/CMakeTmp

Run Build Command:"/usr/bin/make.exe" "cmTC_6e7f6/fast"
/usr/bin/make -f CMakeFiles/cmTC_6e7f6.dir/build.make CMakeFiles/cmTC_6e7f6.dir/build
make[1]: Entering directory '/cygdrive/c/Users/Russ/Projects/network-middleware/network_middleware/cmake-build-debug/CMakeFiles/CMakeTmp'
Building CXX object CMakeFiles/cmTC_6e7f6.dir/testCXXCompiler.cxx.o
/usr/bin/c++.exe     -o CMakeFiles/cmTC_6e7f6.dir/testCXXCompiler.cxx.o -c /cygdrive/c/Users/Russ/Projects/network-middleware/network_middleware/cmake-build-debug/CMakeFiles/CMakeTmp/testCXXCompiler.cxx
Linking CXX executable cmTC_6e7f6.exe
/cygdrive/c/Users/Russ/.CLion2017.2/system/cygwin_cmake/bin/cmake.exe -E cmake_link_script CMakeFiles/cmTC_6e7f6.dir/link.txt --verbose=1
/usr/bin/c++.exe    -Wl,--enable-auto-import  CMakeFiles/cmTC_6e7f6.dir/testCXXCompiler.cxx.o  -o cmTC_6e7f6.exe -Wl,--out-implib,libcmTC_6e7f6.dll.a -Wl,--major-image-version,0,--minor-image-version,0 
c++: fatal error: -fuse-linker-plugin, but cyglto_plugin.dll not found
compilation terminated.
make[1]: *** [CMakeFiles/cmTC_6e7f6.dir/build.make:98: cmTC_6e7f6.exe] Error 1
make[1]: Leaving directory '/cygdrive/c/Users/Russ/Projects/network-middleware/network_middleware/cmake-build-debug/CMakeFiles/CMakeTmp'
make: *** [Makefile:126: cmTC_6e7f6/fast] Error 2


Compiling the CXX compiler identification source file "CMakeCXXCompilerId.cpp" failed.
Compiler: /usr/bin/c++.exe 
Build flags: 
Id flags:  

The output was:
1
c++: fatal error: -fuse-linker-plugin, but cyglto_plugin.dll not found
compilation terminated.


Determining if the CXX compiler works failed with the following output:
Change Dir: /cygdrive/c/Users/Russ/Projects/network-middleware/network_middleware/cmake-build-debug/CMakeFiles/CMakeTmp

Run Build Command:"/usr/bin/make.exe" "cmTC_a99d9/fast"
/usr/bin/make -f CMakeFiles/cmTC_a99d9.dir/build.make CMakeFiles/cmTC_a99d9.dir/build
make[1]: Entering directory '/cygdrive/c/Users/Russ/Projects/network-middleware/network_middleware/cmake-build-debug/CMakeFiles/CMakeTmp'
Building CXX object CMakeFiles/cmTC_a99d9.dir/testCXXCompiler.cxx.o
/usr/bin/c++.exe     -o CMakeFiles/cmTC_a99d9.dir/testCXXCompiler.cxx.o -c /cygdrive/c/Users/Russ/Projects/network-middleware/network_middleware/cmake-build-debug/CMakeFiles/CMakeTmp/testCXXCompiler.cxx
Linking CXX executable cmTC_a99d9.exe
/cygdrive/c/Users/Russ/.CLion2017.2/system/cygwin_cmake/bin/cmake.exe -E cmake_link_script CMakeFiles/cmTC_a99d9.dir/link.txt --verbose=1
/usr/bin/c++.exe    -Wl,--enable-auto-import  CMakeFiles/cmTC_a99d9.dir/testCXXCompiler.cxx.o  -o cmTC_a99d9.exe -Wl,--out-implib,libcmTC_a99d9.dll.a -Wl,--major-image-version,0,--minor-image-version,0 
c++: fatal error: -fuse-linker-plugin, but cyglto_plugin.dll not found
compilation terminated.
make[1]: *** [CMakeFiles/cmTC_a99d9.dir/build.make:98: cmTC_a99d9.exe] Error 1
make[1]: Leaving directory '/cygdrive/c/Users/Russ/Projects/network-middleware/network_middleware/cmake-build-debug/CMakeFiles/CMakeTmp'
make: *** [Makefile:126: cmTC_a99d9/fast] Error 2


